<?xml version="1.0" encoding="UTF-8"?>
<coverage generated="1695323730350" clover="3.2.0">
  <project timestamp="1695323730350" name="All files">
    <metrics statements="31" coveredstatements="31" conditionals="0" coveredconditionals="0" methods="10" coveredmethods="10" elements="41" coveredelements="41" complexity="0" loc="31" ncloc="31" packages="1" files="3" classes="3"/>
    <file name="VegetalCsvDAO.ts" path="C:\Users\maico\Desktop\Prova de LP 2\N1_LP2\src\daos\VegetalCsvDAO.ts">
      <metrics statements="14" coveredstatements="14" conditionals="0" coveredconditionals="0" methods="2" coveredmethods="2"/>
      <line num="2" count="1" type="stmt"/>
      <line num="4" count="1" type="stmt"/>
      <line num="6" count="1" type="stmt"/>
      <line num="7" count="1" type="stmt"/>
      <line num="8" count="1" type="stmt"/>
      <line num="9" count="22" type="stmt"/>
      <line num="11" count="22" type="stmt"/>
      <line num="13" count="22" type="stmt"/>
      <line num="14" count="104" type="stmt"/>
      <line num="16" count="22" type="stmt"/>
      <line num="17" count="22" type="stmt"/>
      <line num="18" count="22" type="stmt"/>
      <line num="20" count="22" type="stmt"/>
      <line num="26" count="22" type="stmt"/>
    </file>
    <file name="VegetalDAO.ts" path="C:\Users\maico\Desktop\Prova de LP 2\N1_LP2\src\daos\VegetalDAO.ts">
      <metrics statements="12" coveredstatements="12" conditionals="0" coveredconditionals="0" methods="7" coveredmethods="7"/>
      <line num="1" count="2" type="stmt"/>
      <line num="3" count="2" type="stmt"/>
      <line num="5" count="2" type="stmt"/>
      <line num="10" count="2" type="stmt"/>
      <line num="11" count="2" type="stmt"/>
      <line num="12" count="2" type="stmt"/>
      <line num="16" count="2" type="stmt"/>
      <line num="18" count="2" type="stmt"/>
      <line num="22" count="2" type="stmt"/>
      <line num="24" count="2" type="stmt"/>
      <line num="28" count="2" type="stmt"/>
      <line num="30" count="2" type="stmt"/>
    </file>
    <file name="VegetalJsonDAO.ts" path="C:\Users\maico\Desktop\Prova de LP 2\N1_LP2\src\daos\VegetalJsonDAO.ts">
      <metrics statements="5" coveredstatements="5" conditionals="0" coveredconditionals="0" methods="1" coveredmethods="1"/>
      <line num="2" count="1" type="stmt"/>
      <line num="4" count="1" type="stmt"/>
      <line num="6" count="1" type="stmt"/>
      <line num="7" count="1" type="stmt"/>
      <line num="8" count="1" type="stmt"/>
    </file>
  </project>
</coverage>
