{"C:\\Users\\maico\\Desktop\\Prova de LP 2\\N1_LP2\\src\\daos\\VegetalCsvDAO.ts": {"path":"C:\\Users\\maico\\Desktop\\Prova de LP 2\\N1_LP2\\src\\daos\\VegetalCsvDAO.ts","statementMap":{"0":{"start":{"line":2,"column":0},"end":{"line":2,"column":42}},"1":{"start":{"line":6,"column":8},"end":{"line":6,"column":32}},"2":{"start":{"line":7,"column":20},"end":{"line":7,"column":61}},"3":{"start":{"line":8,"column":8},"end":{"line":27,"column":null}},"4":{"start":{"line":9,"column":32},"end":{"line":9,"column":44}},"5":{"start":{"line":11,"column":35},"end":{"line":11,"column":37}},"6":{"start":{"line":13,"column":12},"end":{"line":15,"column":null}},"7":{"start":{"line":13,"column":24},"end":{"line":13,"column":25}},"8":{"start":{"line":14,"column":16},"end":{"line":14,"column":null}},"9":{"start":{"line":16,"column":29},"end":{"line":16,"column":44}},"10":{"start":{"line":17,"column":39},"end":{"line":17,"column":70}},"11":{"start":{"line":18,"column":12},"end":{"line":18,"column":null}},"12":{"start":{"line":20,"column":39},"end":{"line":25,"column":null}},"13":{"start":{"line":26,"column":12},"end":{"line":26,"column":null}},"14":{"start":{"line":4,"column":0},"end":{"line":4,"column":13}}},"fnMap":{"0":{"name":"(anonymous_0)","decl":{"start":{"line":5,"column":4},"end":{"line":5,"column":null}},"loc":{"start":{"line":5,"column":4},"end":{"line":28,"column":5}}},"1":{"name":"(anonymous_1)","decl":{"start":{"line":8,"column":20},"end":{"line":8,"column":21}},"loc":{"start":{"line":8,"column":26},"end":{"line":27,"column":9}}}},"branchMap":{},"s":{"0":1,"1":1,"2":1,"3":1,"4":22,"5":22,"6":22,"7":22,"8":104,"9":22,"10":22,"11":22,"12":22,"13":22,"14":1},"f":{"0":1,"1":22},"b":{}}
,"C:\\Users\\maico\\Desktop\\Prova de LP 2\\N1_LP2\\src\\daos\\VegetalDAO.ts": {"path":"C:\\Users\\maico\\Desktop\\Prova de LP 2\\N1_LP2\\src\\daos\\VegetalDAO.ts","statementMap":{"0":{"start":{"line":1,"column":0},"end":{"line":1,"column":28}},"1":{"start":{"line":3,"column":0},"end":{"line":3,"column":34}},"2":{"start":{"line":10,"column":25},"end":{"line":10,"column":62}},"3":{"start":{"line":11,"column":8},"end":{"line":11,"column":null}},"4":{"start":{"line":12,"column":8},"end":{"line":12,"column":null}},"5":{"start":{"line":16,"column":26},"end":{"line":16,"column":65}},"6":{"start":{"line":16,"column":53},"end":{"line":16,"column":64}},"7":{"start":{"line":18,"column":8},"end":{"line":18,"column":null}},"8":{"start":{"line":22,"column":26},"end":{"line":22,"column":97}},"9":{"start":{"line":22,"column":53},"end":{"line":22,"column":96}},"10":{"start":{"line":24,"column":8},"end":{"line":24,"column":null}},"11":{"start":{"line":28,"column":26},"end":{"line":28,"column":105}},"12":{"start":{"line":28,"column":53},"end":{"line":28,"column":104}},"13":{"start":{"line":30,"column":8},"end":{"line":30,"column":null}},"14":{"start":{"line":5,"column":0},"end":{"line":5,"column":13}}},"fnMap":{"0":{"name":"(anonymous_0)","decl":{"start":{"line":9,"column":4},"end":{"line":9,"column":16}},"loc":{"start":{"line":9,"column":32},"end":{"line":13,"column":5}}},"1":{"name":"(anonymous_1)","decl":{"start":{"line":15,"column":4},"end":{"line":15,"column":21}},"loc":{"start":{"line":15,"column":32},"end":{"line":19,"column":5}}},"2":{"name":"(anonymous_2)","decl":{"start":{"line":16,"column":46},"end":{"line":16,"column":47}},"loc":{"start":{"line":16,"column":53},"end":{"line":16,"column":64}}},"3":{"name":"(anonymous_3)","decl":{"start":{"line":21,"column":4},"end":{"line":21,"column":23}},"loc":{"start":{"line":21,"column":36},"end":{"line":25,"column":5}}},"4":{"name":"(anonymous_4)","decl":{"start":{"line":22,"column":46},"end":{"line":22,"column":47}},"loc":{"start":{"line":22,"column":53},"end":{"line":22,"column":96}}},"5":{"name":"(anonymous_5)","decl":{"start":{"line":27,"column":4},"end":{"line":27,"column":27}},"loc":{"start":{"line":27,"column":44},"end":{"line":31,"column":5}}},"6":{"name":"(anonymous_6)","decl":{"start":{"line":28,"column":46},"end":{"line":28,"column":47}},"loc":{"start":{"line":28,"column":53},"end":{"line":28,"column":104}}}},"branchMap":{},"s":{"0":2,"1":2,"2":2,"3":2,"4":2,"5":2,"6":2,"7":2,"8":2,"9":2,"10":2,"11":2,"12":2,"13":2,"14":2},"f":{"0":2,"1":2,"2":2,"3":2,"4":2,"5":2,"6":2},"b":{}}
,"C:\\Users\\maico\\Desktop\\Prova de LP 2\\N1_LP2\\src\\daos\\VegetalJsonDAO.ts": {"path":"C:\\Users\\maico\\Desktop\\Prova de LP 2\\N1_LP2\\src\\daos\\VegetalJsonDAO.ts","statementMap":{"0":{"start":{"line":2,"column":0},"end":{"line":2,"column":42}},"1":{"start":{"line":6,"column":8},"end":{"line":6,"column":null}},"2":{"start":{"line":7,"column":32},"end":{"line":7,"column":60}},"3":{"start":{"line":8,"column":8},"end":{"line":8,"column":null}},"4":{"start":{"line":4,"column":0},"end":{"line":4,"column":13}}},"fnMap":{"0":{"name":"(anonymous_0)","decl":{"start":{"line":5,"column":4},"end":{"line":5,"column":null}},"loc":{"start":{"line":5,"column":4},"end":{"line":9,"column":5}}}},"branchMap":{},"s":{"0":1,"1":1,"2":1,"3":1,"4":1},"f":{"0":1},"b":{}}
}
